2026-01-05T07:44:36Z | GENESIS | DAILY_ANCHOR 2026-01-05 first-day
2026-01-05T07:53:54Z | GENESIS | DAILY_ANCHOR 2026-01-05 first-day
2026-01-05T08:00:31Z | GENESIS | DAILY_ANCHOR 2026-01-05 belief: I believe my future will reward patience and integrity.
2026-01-05T08:07:30Z | fc9fc47b5c09206a3f49e4645f8bca59a1aa23ea951bffd32da3d2f86b985b8a | memory.add belief 8a466763-0c23-4349-aa79-df2e26f75515
2026-01-05T08:20:39Z | ce83896d804239cb6bd9f66c7fa91bcb124570c6779ad86a8c4dba07f476b83b | memory.add decision d67e4dbb-c8a8-4ac3-8886-e5c4008deb35
2026-01-05T10:09:45Z | 75101a4fd29197f12efecb5e599e165eb07491d439fb882fcb20e137798db11f | memory.add decision 3136b2f2-799c-466d-8080-59db544d85dc
2026-01-05T10:09:54Z | 8dbc507f5e2f75ff43e4a9d805ed15cf840caf213700da68f104cb7a067b43c0 | memory.add outcome c46904cd-2e65-4531-ba45-a043ab02f0aa
2026-01-05T10:10:04Z | ebd0319121f2122637bf5a3039191358213ad3fa718eca5a7ddd8b2da8985497 | memory.add outcome f477416e-8a18-4946-846e-b8a9491f3507
2026-01-05T10:10:11Z | da9ee500bccf427e95cf9faf720e42aa1a1fb38fd4ee86ff841fa8d2501d3520 | memory.add outcome 31156ee0-4c0e-48a2-91c8-eedb34055fa9
2026-01-05T10:22:00Z | 8e42b3ce68cc12cc30aada08c5e84ecff86b3b24ecd82301c21a375ed8acb24a | memory.add decision c3a9b84b-53e6-4178-b004-686c1a604b29
2026-01-05T10:22:09Z | a3c13d469ef1767943868f2cf11cf0d52fb6a18cfb2556c56575093c5c1346f2 | memory.add outcome db63328c-d85e-4c99-90f5-1d804e46688f
2026-01-05T10:24:22Z | d7f6f6df4ff28f776b0f5b37567ff029244cd888ed142283b5a805569584cc0e | memory.add decision 4d60c241-f9e7-4d84-8410-a7ac6ab3b2f3
2026-01-05T10:24:30Z | 6380fac8c1f0bdf12b6c37f2b785541bc238e27db800328fc0e35408790896e5 | memory.add outcome 3e452c10-a28b-470b-b22e-d75a9c277028
2026-01-05T10:26:56Z | dd0b1e0b44acea78595b8046c0763a3d96ff172ebbc3e1aaf6e1c1e5fd1b9405 | memory.add decision c2d46c62-61e0-4633-9c01-cc70555f836a
2026-01-05T10:27:03Z | 8fba5a0a95b1a5bdc76cc2e06f9bc26baa753b17cea6f037f04f0d8dcc62868b | memory.add outcome 66cf6d0e-566b-4201-9017-e358565bd052
2026-01-05T10:27:10Z | 77622a91819e16995418b653d2ca138c7ece73df946222877754cbf399e434a6 | memory.add decision 5669bcf9-b5f9-4b38-8bcf-9c72c8fc1b80
2026-01-05T10:30:38Z | 34e17d0769662287c7d6ce73d81be8e5faa50dbe01ba2fdffeedee6a7f01c28f | memory.add outcome 012c7098-993e-44f3-ad61-bf72753aa877
2026-01-05T10:31:49Z | 40afba6dec2f9a629542534d3b37677e7b9f50ad5ef352b240b72be9cf4d3f7f | memory.add outcome 7833d3b8-f789-4920-b56b-1870ada25265
2026-01-05T10:34:10Z | a8a08418cf0bd02f0c38d72c545183af09a150992c41a096b3aeac0be6cd5ff1 | memory.add outcome 5a022d6e-06e1-4f8c-a608-456593d8f101
2026-01-05T10:34:17Z | 354277bbed09feb9c205d569355df9910995b26f7fc5edfaaefe6d0836c78e0b | memory.add outcome 8cd4b7c7-f3d6-4aa2-92cd-c123d2263cf0
2026-01-05T11:11:29Z | FINAL | REJECT | ReviewAt: 2026-01-05T11:07:08Z | Reason: Anchoring test: repeated misinformation risk | ebb22abb45073212dbf6f5b7ea009fc1b16ae3f7834a251f3a0de6d52c78dd18 | finalize REJECT 2026-01-05T11:07:08Z
